# JRE version: OpenJDK Runtime Environment (8.0_242-b01) (build 1.8.0_242-release-1644-b01)
# Java VM: OpenJDK 64-Bit Server VM (25.242-b01 mixed mode windows-amd64 compressed oops)
Heap:
 PSYoungGen      total 402432K, used 23520K [0x00000000e0000000, 0x00000000ffc00000, 0x0000000100000000)
  eden space 287744K, 3% used [0x00000000e0000000,0x00000000e08d4c08,0x00000000f1900000)
  from space 114688K, 12% used [0x00000000f8c00000,0x00000000f9a23558,0x00000000ffc00000)
  to   space 116224K, 0% used [0x00000000f1900000,0x00000000f1900000,0x00000000f8a80000)
 ParOldGen       total 783872K, used 684775K [0x00000000a0000000, 0x00000000cfd80000, 0x00000000e0000000)
  object space 783872K, 87% used [0x00000000a0000000,0x00000000c9cb9cc0,0x00000000cfd80000)
 Metaspace       used 188389K, capacity 199632K, committed 200088K, reserved 1224704K
  class space    used 22960K, capacity 24899K, committed 25264K, reserved 1048576K
GC Heap History (10 events):
Event: 20422.841 GC heap before
{Heap before GC invocations=294 (full 20):
 PSYoungGen      total 360448K, used 360042K [0x00000000e0000000, 0x0000000100000000, 0x0000000100000000)
  eden space 284672K, 100% used [0x00000000e0000000,0x00000000f1600000,0x00000000f1600000)
  from space 75776K, 99% used [0x00000000f1600000,0x00000000f5f9aa38,0x00000000f6000000)
  to   space 122368K, 0% used [0x00000000f8880000,0x00000000f8880000,0x0000000100000000)
 ParOldGen       total 783872K, used 612019K [0x00000000a0000000, 0x00000000cfd80000, 0x00000000e0000000)
  object space 783872K, 78% used [0x00000000a0000000,0x00000000c55acc68,0x00000000cfd80000)
 Metaspace       used 188385K, capacity 199568K, committed 200088K, reserved 1224704K
  class space    used 22960K, capacity 24899K, committed 25264K, reserved 1048576K
Event: 20422.959 GC heap after
Heap after GC invocations=294 (full 20):
 PSYoungGen      total 400896K, used 74387K [0x00000000e0000000, 0x0000000100000000, 0x0000000100000000)
  eden space 278528K, 0% used [0x00000000e0000000,0x00000000e0000000,0x00000000f1000000)
  from space 122368K, 60% used [0x00000000f8880000,0x00000000fd124d90,0x0000000100000000)
  to   space 122880K, 0% used [0x00000000f1000000,0x00000000f1000000,0x00000000f8800000)
 ParOldGen       total 783872K, used 614060K [0x00000000a0000000, 0x00000000cfd80000, 0x00000000e0000000)
  object space 783872K, 78% used [0x00000000a0000000,0x00000000c57ab028,0x00000000cfd80000)
 Metaspace       used 188385K, capacity 199568K, committed 200088K, reserved 1224704K
  class space    used 22960K, capacity 24899K, committed 25264K, reserved 1048576K
}
Event: 20423.589 GC heap before
{Heap before GC invocations=295 (full 20):
 PSYoungGen      total 400896K, used 352915K [0x00000000e0000000, 0x0000000100000000, 0x0000000100000000)
  eden space 278528K, 100% used [0x00000000e0000000,0x00000000f1000000,0x00000000f1000000)
  from space 122368K, 60% used [0x00000000f8880000,0x00000000fd124d90,0x0000000100000000)
  to   space 122880K, 0% used [0x00000000f1000000,0x00000000f1000000,0x00000000f8800000)
 ParOldGen       total 783872K, used 614060K [0x00000000a0000000, 0x00000000cfd80000, 0x00000000e0000000)
  object space 783872K, 78% used [0x00000000a0000000,0x00000000c57ab028,0x00000000cfd80000)
 Metaspace       used 188385K, capacity 199568K, committed 200088K, reserved 1224704K
  class space    used 22960K, capacity 24899K, committed 25264K, reserved 1048576K
Event: 20423.797 GC heap after
Heap after GC invocations=295 (full 20):
 PSYoungGen      total 326144K, used 47432K [0x00000000e0000000, 0x00000000ff680000, 0x0000000100000000)
  eden space 278528K, 0% used [0x00000000e0000000,0x00000000e0000000,0x00000000f1000000)
  from space 47616K, 99% used [0x00000000f1000000,0x00000000f3e52208,0x00000000f3e80000)
  to   space 117760K, 0% used [0x00000000f8380000,0x00000000f8380000,0x00000000ff680000)
 ParOldGen       total 783872K, used 640802K [0x00000000a0000000, 0x00000000cfd80000, 0x00000000e0000000)
  object space 783872K, 81% used [0x00000000a0000000,0x00000000c71c89e0,0x00000000cfd80000)
 Metaspace       used 188385K, capacity 199568K, committed 200088K, reserved 1224704K
  class space    used 22960K, capacity 24899K, committed 25264K, reserved 1048576K
}
Event: 20424.289 GC heap before
{Heap before GC invocations=296 (full 20):
 PSYoungGen      total 326144K, used 325960K [0x00000000e0000000, 0x00000000ff680000, 0x0000000100000000)
  eden space 278528K, 100% used [0x00000000e0000000,0x00000000f1000000,0x00000000f1000000)
  from space 47616K, 99% used [0x00000000f1000000,0x00000000f3e52208,0x00000000f3e80000)
  to   space 117760K, 0% used [0x00000000f8380000,0x00000000f8380000,0x00000000ff680000)
 ParOldGen       total 783872K, used 640802K [0x00000000a0000000, 0x00000000cfd80000, 0x00000000e0000000)
  object space 783872K, 81% used [0x00000000a0000000,0x00000000c71c89e0,0x00000000cfd80000)
 Metaspace       used 188389K, capacity 199632K, committed 200088K, reserved 1224704K
  class space    used 22960K, capacity 24899K, committed 25264K, reserved 1048576K
Event: 20424.443 GC heap after
Heap after GC invocations=296 (full 20):
 PSYoungGen      total 395776K, used 11829K [0x00000000e0000000, 0x0000000100000000, 0x0000000100000000)
  eden space 278016K, 0% used [0x00000000e0000000,0x00000000e0000000,0x00000000f0f80000)
  from space 117760K, 10% used [0x00000000f8380000,0x00000000f8f0d770,0x00000000ff680000)
  to   space 118784K, 0% used [0x00000000f0f80000,0x00000000f0f80000,0x00000000f8380000)
 ParOldGen       total 783872K, used 676822K [0x00000000a0000000, 0x00000000cfd80000, 0x00000000e0000000)
  object space 783872K, 86% used [0x00000000a0000000,0x00000000c94f5860,0x00000000cfd80000)
 Metaspace       used 188389K, capacity 199632K, committed 200088K, reserved 1224704K
  class space    used 22960K, capacity 24899K, committed 25264K, reserved 1048576K
}
Event: 20425.078 GC heap before
{Heap before GC invocations=297 (full 20):
 PSYoungGen      total 395776K, used 289845K [0x00000000e0000000, 0x0000000100000000, 0x0000000100000000)
  eden space 278016K, 100% used [0x00000000e0000000,0x00000000f0f80000,0x00000000f0f80000)
  from space 117760K, 10% used [0x00000000f8380000,0x00000000f8f0d770,0x00000000ff680000)
  to   space 118784K, 0% used [0x00000000f0f80000,0x00000000f0f80000,0x00000000f8380000)
 ParOldGen       total 783872K, used 676822K [0x00000000a0000000, 0x00000000cfd80000, 0x00000000e0000000)
  object space 783872K, 86% used [0x00000000a0000000,0x00000000c94f5860,0x00000000cfd80000)
 Metaspace       used 188389K, capacity 199632K, committed 200088K, reserved 1224704K
  class space    used 22960K, capacity 24899K, committed 25264K, reserved 1048576K
Event: 20425.145 GC heap after
Heap after GC invocations=297 (full 20):
 PSYoungGen      total 396800K, used 15455K [0x00000000e0000000, 0x00000000fff00000, 0x0000000100000000)
  eden space 278016K, 0% used [0x00000000e0000000,0x00000000e0000000,0x00000000f0f80000)
  from space 118784K, 13% used [0x00000000f0f80000,0x00000000f1e97fb0,0x00000000f8380000)
  to   space 117760K, 0% used [0x00000000f8c00000,0x00000000f8c00000,0x00000000fff00000)
 ParOldGen       total 783872K, used 681517K [0x00000000a0000000, 0x00000000cfd80000, 0x00000000e0000000)
  object space 783872K, 86% used [0x00000000a0000000,0x00000000c998b438,0x00000000cfd80000)
 Metaspace       used 188389K, capacity 199632K, committed 200088K, reserved 1224704K
  class space    used 22960K, capacity 24899K, committed 25264K, reserved 1048576K
}
Event: 20426.444 GC heap before
{Heap before GC invocations=298 (full 20):
 PSYoungGen      total 396800K, used 293471K [0x00000000e0000000, 0x00000000fff00000, 0x0000000100000000)
  eden space 278016K, 100% used [0x00000000e0000000,0x00000000f0f80000,0x00000000f0f80000)
  from space 118784K, 13% used [0x00000000f0f80000,0x00000000f1e97fb0,0x00000000f8380000)
  to   space 117760K, 0% used [0x00000000f8c00000,0x00000000f8c00000,0x00000000fff00000)
 ParOldGen       total 783872K, used 681517K [0x00000000a0000000, 0x00000000cfd80000, 0x00000000e0000000)
  object space 783872K, 86% used [0x00000000a0000000,0x00000000c998b438,0x00000000cfd80000)
 Metaspace       used 188389K, capacity 199632K, committed 200088K, reserved 1224704K
  class space    used 22960K, capacity 24899K, committed 25264K, reserved 1048576K
Event: 20441.171 GC heap after
Heap after GC invocations=298 (full 20):
 PSYoungGen      total 402432K, used 14477K [0x00000000e0000000, 0x00000000ffc00000, 0x0000000100000000)
  eden space 287744K, 0% used [0x00000000e0000000,0x00000000e0000000,0x00000000f1900000)
  from space 114688K, 12% used [0x00000000f8c00000,0x00000000f9a23558,0x00000000ffc00000)
  to   space 116224K, 0% used [0x00000000f1900000,0x00000000f1900000,0x00000000f8a80000)
 ParOldGen       total 783872K, used 684775K [0x00000000a0000000, 0x00000000cfd80000, 0x00000000e0000000)
  object space 783872K, 87% used [0x00000000a0000000,0x00000000c9cb9cc0,0x00000000cfd80000)
 Metaspace       used 188389K, capacity 199632K, committed 200088K, reserved 1224704K
  class space    used 22960K, capacity 24899K, committed 25264K, reserved 1048576K
}

